<?xml version="1.0" encoding="UTF-8"?>
<!-- Generated by org.testng.reporters.JUnitReportReporter -->
<testsuite hostname="LUCKY" name="locus.assignment.stepdefn.SearchFeatureStepDefinitions" tests="1" failures="0" timestamp="17 Jul 2019 17:28:26 GMT" time="0.187" errors="0">
  <testcase name="feature" time="0.187" classname="locus.assignment.stepdefn.SearchFeatureStepDefinitions"/>
</testsuite> <!-- locus.assignment.stepdefn.SearchFeatureStepDefinitions -->
